# JRE version: OpenJDK Runtime Environment (8.0_152-b01) (build 1.8.0_152-release-915-b01)
# Java VM: OpenJDK 64-Bit Server VM (25.152-b01 mixed mode windows-amd64 compressed oops)
Heap:
 PSYoungGen      total 184832K, used 83054K [0x00000000e0000000, 0x00000000ed580000, 0x0000000100000000)
  eden space 152064K, 47% used [0x00000000e0000000,0x00000000e4737988,0x00000000e9480000)
  from space 32768K, 30% used [0x00000000e9480000,0x00000000e9e64120,0x00000000eb480000)
  to   space 31232K, 0% used [0x00000000eb480000,0x00000000eb480000,0x00000000ed300000)
 ParOldGen       total 91648K, used 68288K [0x00000000a0000000, 0x00000000a5980000, 0x00000000e0000000)
  object space 91648K, 74% used [0x00000000a0000000,0x00000000a42b0090,0x00000000a5980000)
 Metaspace       used 87664K, capacity 93516K, committed 93568K, reserved 1130496K
  class space    used 11020K, capacity 12393K, committed 12416K, reserved 1048576K
GC Heap History (10 events):
Event: 7690.702 GC heap before
{Heap before GC invocations=76 (full 5):
 PSYoungGen      total 159744K, used 152427K [0x00000000e0000000, 0x00000000ec400000, 0x0000000100000000)
  eden space 129024K, 100% used [0x00000000e0000000,0x00000000e7e00000,0x00000000e7e00000)
  from space 30720K, 76% used [0x00000000e9d80000,0x00000000eb45afb8,0x00000000ebb80000)
  to   space 32256K, 0% used [0x00000000e7e00000,0x00000000e7e00000,0x00000000e9d80000)
 ParOldGen       total 91648K, used 49435K [0x00000000a0000000, 0x00000000a5980000, 0x00000000e0000000)
  object space 91648K, 53% used [0x00000000a0000000,0x00000000a3046f08,0x00000000a5980000)
 Metaspace       used 86736K, capacity 92478K, committed 92800K, reserved 1130496K
  class space    used 10959K, capacity 12314K, committed 12416K, reserved 1048576K
Event: 7690.977 GC heap after
Heap after GC invocations=76 (full 5):
 PSYoungGen      total 161280K, used 18895K [0x00000000e0000000, 0x00000000ed300000, 0x0000000100000000)
  eden space 129024K, 0% used [0x00000000e0000000,0x00000000e0000000,0x00000000e7e00000)
  from space 32256K, 58% used [0x00000000e7e00000,0x00000000e9073e78,0x00000000e9d80000)
  to   space 31232K, 0% used [0x00000000eb480000,0x00000000eb480000,0x00000000ed300000)
 ParOldGen       total 91648K, used 49435K [0x00000000a0000000, 0x00000000a5980000, 0x00000000e0000000)
  object space 91648K, 53% used [0x00000000a0000000,0x00000000a3046f08,0x00000000a5980000)
 Metaspace       used 86736K, capacity 92478K, committed 92800K, reserved 1130496K
  class space    used 10959K, capacity 12314K, committed 12416K, reserved 1048576K
}
Event: 7749.707 GC heap before
{Heap before GC invocations=77 (full 5):
 PSYoungGen      total 161280K, used 147919K [0x00000000e0000000, 0x00000000ed300000, 0x0000000100000000)
  eden space 129024K, 100% used [0x00000000e0000000,0x00000000e7e00000,0x00000000e7e00000)
  from space 32256K, 58% used [0x00000000e7e00000,0x00000000e9073e78,0x00000000e9d80000)
  to   space 31232K, 0% used [0x00000000eb480000,0x00000000eb480000,0x00000000ed300000)
 ParOldGen       total 91648K, used 49435K [0x00000000a0000000, 0x00000000a5980000, 0x00000000e0000000)
  object space 91648K, 53% used [0x00000000a0000000,0x00000000a3046f08,0x00000000a5980000)
 Metaspace       used 87201K, capacity 93060K, committed 93312K, reserved 1130496K
  class space    used 11016K, capacity 12393K, committed 12416K, reserved 1048576K
Event: 7749.861 GC heap after
Heap after GC invocations=77 (full 5):
 PSYoungGen      total 183296K, used 24324K [0x00000000e0000000, 0x00000000ed580000, 0x0000000100000000)
  eden space 152064K, 0% used [0x00000000e0000000,0x00000000e0000000,0x00000000e9480000)
  from space 31232K, 77% used [0x00000000eb480000,0x00000000ecc41350,0x00000000ed300000)
  to   space 32768K, 0% used [0x00000000e9480000,0x00000000e9480000,0x00000000eb480000)
 ParOldGen       total 91648K, used 49443K [0x00000000a0000000, 0x00000000a5980000, 0x00000000e0000000)
  object space 91648K, 53% used [0x00000000a0000000,0x00000000a3048f08,0x00000000a5980000)
 Metaspace       used 87201K, capacity 93060K, committed 93312K, reserved 1130496K
  class space    used 11016K, capacity 12393K, committed 12416K, reserved 1048576K
}
Event: 7754.911 GC heap before
{Heap before GC invocations=78 (full 5):
 PSYoungGen      total 183296K, used 176388K [0x00000000e0000000, 0x00000000ed580000, 0x0000000100000000)
  eden space 152064K, 100% used [0x00000000e0000000,0x00000000e9480000,0x00000000e9480000)
  from space 31232K, 77% used [0x00000000eb480000,0x00000000ecc41350,0x00000000ed300000)
  to   space 32768K, 0% used [0x00000000e9480000,0x00000000e9480000,0x00000000eb480000)
 ParOldGen       total 91648K, used 49443K [0x00000000a0000000, 0x00000000a5980000, 0x00000000e0000000)
  object space 91648K, 53% used [0x00000000a0000000,0x00000000a3048f08,0x00000000a5980000)
 Metaspace       used 87521K, capacity 93380K, committed 93568K, reserved 1130496K
  class space    used 11019K, capacity 12393K, committed 12416K, reserved 1048576K
Event: 7755.486 GC heap after
Heap after GC invocations=78 (full 5):
 PSYoungGen      total 184832K, used 18286K [0x00000000e0000000, 0x00000000ed580000, 0x0000000100000000)
  eden space 152064K, 0% used [0x00000000e0000000,0x00000000e0000000,0x00000000e9480000)
  from space 32768K, 55% used [0x00000000e9480000,0x00000000ea65bbf8,0x00000000eb480000)
  to   space 31232K, 0% used [0x00000000eb480000,0x00000000eb480000,0x00000000ed300000)
 ParOldGen       total 91648K, used 55533K [0x00000000a0000000, 0x00000000a5980000, 0x00000000e0000000)
  object space 91648K, 60% used [0x00000000a0000000,0x00000000a363b4f8,0x00000000a5980000)
 Metaspace       used 87521K, capacity 93380K, committed 93568K, reserved 1130496K
  class space    used 11019K, capacity 12393K, committed 12416K, reserved 1048576K
}
Event: 7759.156 GC heap before
{Heap before GC invocations=79 (full 5):
 PSYoungGen      total 184832K, used 170350K [0x00000000e0000000, 0x00000000ed580000, 0x0000000100000000)
  eden space 152064K, 100% used [0x00000000e0000000,0x00000000e9480000,0x00000000e9480000)
  from space 32768K, 55% used [0x00000000e9480000,0x00000000ea65bbf8,0x00000000eb480000)
  to   space 31232K, 0% used [0x00000000eb480000,0x00000000eb480000,0x00000000ed300000)
 ParOldGen       total 91648K, used 55533K [0x00000000a0000000, 0x00000000a5980000, 0x00000000e0000000)
  object space 91648K, 60% used [0x00000000a0000000,0x00000000a363b4f8,0x00000000a5980000)
 Metaspace       used 87635K, capacity 93452K, committed 93568K, reserved 1130496K
  class space    used 11020K, capacity 12393K, committed 12416K, reserved 1048576K
Event: 7761.162 GC heap after
Heap after GC invocations=79 (full 5):
 PSYoungGen      total 183296K, used 13969K [0x00000000e0000000, 0x00000000ed580000, 0x0000000100000000)
  eden space 152064K, 0% used [0x00000000e0000000,0x00000000e0000000,0x00000000e9480000)
  from space 31232K, 44% used [0x00000000eb480000,0x00000000ec224470,0x00000000ed300000)
  to   space 32768K, 0% used [0x00000000e9480000,0x00000000e9480000,0x00000000eb480000)
 ParOldGen       total 91648K, used 63951K [0x00000000a0000000, 0x00000000a5980000, 0x00000000e0000000)
  object space 91648K, 69% used [0x00000000a0000000,0x00000000a3e73e80,0x00000000a5980000)
 Metaspace       used 87635K, capacity 93452K, committed 93568K, reserved 1130496K
  class space    used 11020K, capacity 12393K, committed 12416K, reserved 1048576K
}
Event: 7762.829 GC heap before
{Heap before GC invocations=80 (full 5):
 PSYoungGen      total 183296K, used 166033K [0x00000000e0000000, 0x00000000ed580000, 0x0000000100000000)
  eden space 152064K, 100% used [0x00000000e0000000,0x00000000e9480000,0x00000000e9480000)
  from space 31232K, 44% used [0x00000000eb480000,0x00000000ec224470,0x00000000ed300000)
  to   space 32768K, 0% used [0x00000000e9480000,0x00000000e9480000,0x00000000eb480000)
 ParOldGen       total 91648K, used 63951K [0x00000000a0000000, 0x00000000a5980000, 0x00000000e0000000)
  object space 91648K, 69% used [0x00000000a0000000,0x00000000a3e73e80,0x00000000a5980000)
 Metaspace       used 87655K, capacity 93452K, committed 93568K, reserved 1130496K
  class space    used 11020K, capacity 12393K, committed 12416K, reserved 1048576K
Event: 7762.941 GC heap after
Heap after GC invocations=80 (full 5):
 PSYoungGen      total 184832K, used 10128K [0x00000000e0000000, 0x00000000ed580000, 0x0000000100000000)
  eden space 152064K, 0% used [0x00000000e0000000,0x00000000e0000000,0x00000000e9480000)
  from space 32768K, 30% used [0x00000000e9480000,0x00000000e9e64120,0x00000000eb480000)
  to   space 31232K, 0% used [0x00000000eb480000,0x00000000eb480000,0x00000000ed300000)
 ParOldGen       total 91648K, used 68288K [0x00000000a0000000, 0x00000000a5980000, 0x00000000e0000000)
  object space 91648K, 74% used [0x00000000a0000000,0x00000000a42b0090,0x00000000a5980000)
 Metaspace       used 87655K, capacity 93452K, committed 93568K, reserved 1130496K
  class space    used 11020K, capacity 12393K, committed 12416K, reserved 1048576K
}

